0 info it worked if it ends with ok
1 verbose cli [ 'node', '/usr/bin/npm', 'install', '-g', 'lessc' ]
2 info using npm@2.7.5
3 info using node@v0.10.33
4 verbose node symlink /usr/bin/node
5 silly cache add args [ 'lessc', null ]
6 verbose cache add spec lessc
7 silly cache add parsed spec { raw: 'lessc',
7 silly cache add   scope: null,
7 silly cache add   name: 'lessc',
7 silly cache add   rawSpec: '',
7 silly cache add   spec: '*',
7 silly cache add   type: 'range' }
8 verbose addNamed lessc@*
9 silly addNamed semver.valid null
10 silly addNamed semver.validRange *
11 silly addNameRange { name: 'lessc', range: '*', hasData: false }
12 silly mapToRegistry name lessc
13 silly mapToRegistry using default registry
14 silly mapToRegistry registry https://registry.npmjs.org/
15 silly mapToRegistry uri https://registry.npmjs.org/lessc
16 verbose addNameRange registry:https://registry.npmjs.org/lessc not in flight; fetching
17 verbose request uri https://registry.npmjs.org/lessc
18 verbose request no auth needed
19 info attempt registry request try #1 at 10:30:39
20 verbose request id ead465309bdc2460
21 http request GET https://registry.npmjs.org/lessc
22 http 404 https://registry.npmjs.org/lessc
23 verbose headers { server: 'CouchDB/1.5.0 (Erlang OTP/R16B03)',
23 verbose headers   'content-type': 'application/json',
23 verbose headers   'cache-control': 'max-age=0',
23 verbose headers   'content-length': '51',
23 verbose headers   'accept-ranges': 'bytes',
23 verbose headers   date: 'Thu, 11 Jun 2015 08:30:45 GMT',
23 verbose headers   via: '1.1 varnish',
23 verbose headers   age: '0',
23 verbose headers   connection: 'keep-alive',
23 verbose headers   'x-served-by': 'cache-fra1224-FRA',
23 verbose headers   'x-cache': 'MISS',
23 verbose headers   'x-cache-hits': '0',
23 verbose headers   'x-timer': 'S1434011445.303956,VS0,VE104' }
24 silly get cb [ 404,
24 silly get   { server: 'CouchDB/1.5.0 (Erlang OTP/R16B03)',
24 silly get     'content-type': 'application/json',
24 silly get     'cache-control': 'max-age=0',
24 silly get     'content-length': '51',
24 silly get     'accept-ranges': 'bytes',
24 silly get     date: 'Thu, 11 Jun 2015 08:30:45 GMT',
24 silly get     via: '1.1 varnish',
24 silly get     age: '0',
24 silly get     connection: 'keep-alive',
24 silly get     'x-served-by': 'cache-fra1224-FRA',
24 silly get     'x-cache': 'MISS',
24 silly get     'x-cache-hits': '0',
24 silly get     'x-timer': 'S1434011445.303956,VS0,VE104' } ]
25 verbose stack Error: 404 Not Found: lessc
25 verbose stack     at CachingRegistryClient.<anonymous> (/usr/lib/node_modules/npm/node_modules/npm-registry-client/lib/request.js:245:14)
25 verbose stack     at Request._callback (/usr/lib/node_modules/npm/node_modules/npm-registry-client/lib/request.js:170:14)
25 verbose stack     at Request.self.callback (/usr/lib/node_modules/npm/node_modules/request/request.js:360:22)
25 verbose stack     at Request.emit (events.js:98:17)
25 verbose stack     at Request.<anonymous> (/usr/lib/node_modules/npm/node_modules/request/request.js:1202:14)
25 verbose stack     at Request.emit (events.js:117:20)
25 verbose stack     at IncomingMessage.<anonymous> (/usr/lib/node_modules/npm/node_modules/request/request.js:1150:12)
25 verbose stack     at IncomingMessage.emit (events.js:117:20)
25 verbose stack     at _stream_readable.js:943:16
25 verbose stack     at process._tickCallback (node.js:419:13)
26 verbose statusCode 404
27 verbose pkgid lessc
28 verbose cwd /home/pablo/sitio-web/app/styles
29 error Linux 3.13.0-39-generic
30 error argv "node" "/usr/bin/npm" "install" "-g" "lessc"
31 error node v0.10.33
32 error npm  v2.7.5
33 error code E404
34 error 404 Not Found: lessc
34 error 404
34 error 404 'lessc' is not in the npm registry.
34 error 404 You should bug the author to publish it (or use the name yourself!)
34 error 404
34 error 404 Note that you can also install from a
34 error 404 tarball, folder, http url, or git url.
35 verbose exit [ 1, true ]
